Indicator TIENADX for BYBIT:GRTUSDT loading...
Indicator TIENADX for BYBIT:RNDRUSDT loading...
Indicator TIENADX for BYBIT:NEARUSDT loading...
Indicator TIENADX for BYBIT:AVAXUSDT loading...
Indicator TIENEMA for BYBIT:NEARUSDT loading...
Indicator TIENADX for BYBIT:GRTUSDT loaded!
Indicator TIENADX for BYBIT:RNDRUSDT loaded!
Indicator TIENADX for BYBIT:NEARUSDT loaded!
Indicator TIENADX for BYBIT:AVAXUSDT loaded!
Indicator TIENEMA for BYBIT:GRTUSDT loading...
Indicator TIENEMA for BYBIT:RNDRUSDT loading...
Indicator TIENADX for BYBIT:AGIXUSDT loading...
Indicator TIENADX for BYBIT:ARUSDT loading...
Indicator TIENADX for BYBIT:LINKUSDT loading...
Indicator TIENEMA for BYBIT:LINKUSDT loading...
Indicator TIENEMA for BYBIT:ARUSDT loading...
Indicator TIENEMA for BYBIT:FRONTUSDT loading...
Indicator TIENEMA for BYBIT:AGIXUSDT loading...
Indicator TIENADX for BYBIT:MATICUSDT loading...
Indicator TIENEMA for BYBIT:OMNIUSDT loading...
Indicator TIENADX for BYBIT:OMNIUSDT loading...
Indicator TIENADX for BYBIT:BOMEUSDT loading...
Indicator TIENEMA for BYBIT:BOMEUSDT loading...
Indicator TIENEMA for BYBIT:SSVUSDT loading...
Indicator TIENADX for BYBIT:SSVUSDT loading...
Indicator TIENADX for BYBIT:OPUSDT loading...
Indicator TIENEMA for BYBIT:NEARUSDT loaded!
Indicator TIENEMA for BYBIT:MATICUSDT loading...
Indicator TIENEMA for BYBIT:OPUSDT loading...
Indicator TIENADX for BYBIT:SOLUSDT loading...
Indicator TIENADX for BYBIT:WLDUSDT loading...
Indicator TIENADX for BYBIT:ETHUSDT loading...
Indicator TIENEMA for BYBIT:BTCUSDT loading...
Indicator TIENEMA for BYBIT:ETHUSDT loading...
Indicator TIENADX for BYBIT:BTCUSDT loading...
Indicator TIENADX for BYBIT:XRPUSDT loading...
Indicator TIENEMA for BYBIT:WLDUSDT loading...
Indicator TIENEMA for BYBIT:SOLUSDT loading...
Indicator TIENADX for BYBIT:WIFUSDT loading...
Indicator TIENEMA for BYBIT:WIFUSDT loading...
Indicator TIENADX for BYBIT:ETHFIUSDT loading...
Indicator TIENADX for BYBIT:LTCUSDT loading...
Indicator TIENADX for BYBIT:BCHUSDT loading...
Indicator TIENADX for BYBIT:AGIXUSDT loaded!
Indicator TIENADX for BYBIT:OPUSDT loaded!
Indicator TIENADX for BYBIT:DOTUSDT loading...
Indicator TIENEMA for BYBIT:BCHUSDT loading...
Indicator TIENADX for BYBIT:TRXUSDT loading...
Indicator TIENEMA for BYBIT:ETHFIUSDT loading...
Indicator TIENADX for BYBIT:ADAUSDT loading...
Indicator TIENEMA for BYBIT:TRXUSDT loading...
Indicator TIENADX for BYBIT:WLDUSDT loaded!
Indicator TIENEMA for BYBIT:BOMEUSDT loaded!
Indicator TIENADX for BYBIT:LINKUSDT loaded!
Indicator TIENADX for BYBIT:OMNIUSDT loaded!
Indicator TIENADX for BYBIT:SSVUSDT loaded!
Indicator TIENADX for BYBIT:ETHUSDT loaded!
Indicator TIENADX for BYBIT:PYTHUSDT loading...
Indicator TIENEMA for BYBIT:LTCUSDT loading...
Indicator TIENADX for BYBIT:DOGEUSDT loading...
Indicator TIENEMA for BYBIT:ADAUSDT loading...
Indicator TIENEMA for BYBIT:PYTHUSDT loading...
Indicator TIENADX for BYBIT:MEWUSDT loading...
Indicator TIENEMA for BYBIT:DOGEUSDT loading...
Indicator TIENADX for BYBIT:ARBUSDT loading...
Indicator TIENADX for BYBIT:ARUSDT loaded!
Indicator TIENADX for BYBIT:UNIUSDT loading...
Indicator TIENEMA for BYBIT:UNIUSDT loading...
Indicator TIENEMA for BYBIT:MEWUSDT loading...
Indicator TIENEMA for BYBIT:ARBUSDT loading...
Indicator TIENADX for BYBIT:THETAUSDT loading...
Indicator TIENADX for BYBIT:UMAUSDT loading...
Indicator TIENADX for BYBIT:BTCUSDT loaded!
Indicator TIENADX for BYBIT:BOMEUSDT loaded!
Indicator TIENADX for BYBIT:WIFUSDT loaded!
Indicator TIENADX for BYBIT:XRPUSDT loaded!
Indicator TIENADX for BYBIT:SOLUSDT loaded!
Indicator TIENADX for BYBIT:ADAUSDT loaded!
Indicator TIENADX for BYBIT:ETHFIUSDT loaded!
Indicator TIENEMA for BYBIT:AVAXUSDT loading...
Indicator TIENADX for BYBIT:ICPUSDT loading...
Indicator TIENADX for BYBIT:FRONTUSDT loading...
Indicator TIENADX for BYBIT:MATICUSDT loaded!
Indicator TIENEMA for BYBIT:SOLUSDT loaded!
Indicator TIENEMA for BYBIT:LINKUSDT loaded!
Indicator TIENADX for BYBIT:TRXUSDT loaded!
Indicator TIENADX for BYBIT:PYTHUSDT loaded!
Indicator TIENEMA for BYBIT:BTCUSDT loaded!
Indicator TIENEMA for BYBIT:GRTUSDT loaded!
Indicator TIENEMA for BYBIT:WIFUSDT loaded!
Indicator TIENEMA for BYBIT:RNDRUSDT loaded!
Indicator TIENADX for BYBIT:DOTUSDT loaded!
Indicator TIENADX for BYBIT:MOVRUSDT loading...
Indicator TIENEMA for BYBIT:XRPUSDT loading...
Indicator TIENEMA for BYBIT:THETAUSDT loading...
Indicator TIENADX for BYBIT:PEOPLEUSDT loading...
Indicator TIENEMA for BYBIT:PEOPLEUSDT loading...
Indicator TIENEMA for BYBIT:AGIXUSDT loaded!
Indicator TIENEMA for BYBIT:SSVUSDT loaded!
Indicator TIENADX for BYBIT:UNIUSDT loaded!
Indicator TIENADX for BYBIT:THETAUSDT loaded!
Indicator TIENADX for BYBIT:DOGEUSDT loaded!
Indicator TIENEMA for BYBIT:DOTUSDT loading...
Indicator TIENEMA for BYBIT:ICPUSDT loading...
Indicator TIENEMA for BYBIT:UMAUSDT loading...
Indicator TIENEMA for BYBIT:MOVRUSDT loading...
Indicator TIENEMA for BYBIT:FRONTUSDT loaded!
Indicator TIENADX for BYBIT:ARBUSDT loaded!
Indicator TIENADX for BYBIT:FRONTUSDT loaded!
Indicator TIENEMA for BYBIT:OMNIUSDT loaded!
Indicator TIENEMA for BYBIT:OPUSDT loaded!
Indicator TIENEMA for BYBIT:WLDUSDT loaded!
Indicator TIENADX for BYBIT:ICPUSDT loaded!
Indicator TIENEMA for BYBIT:ETHUSDT loaded!
Indicator TIENEMA for BYBIT:MATICUSDT loaded!
Indicator TIENADX for BYBIT:LTCUSDT loaded!
Indicator TIENADX for BYBIT:BCHUSDT loaded!
Indicator TIENEMA for BYBIT:PYTHUSDT loaded!
Indicator TIENADX for BYBIT:MEWUSDT loaded!
Indicator TIENEMA for BYBIT:ETHFIUSDT loaded!
Indicator TIENEMA for BYBIT:DOGEUSDT loaded!
Indicator TIENEMA for BYBIT:ADAUSDT loaded!
Indicator TIENEMA for BYBIT:LTCUSDT loaded!
Indicator TIENEMA for BYBIT:UNIUSDT loaded!
Indicator TIENEMA for BYBIT:XRPUSDT loaded!
Indicator TIENADX for BYBIT:MOVRUSDT loaded!
Indicator TIENEMA for BYBIT:ARUSDT loaded!
Indicator TIENEMA for BYBIT:MEWUSDT loaded!
Indicator TIENEMA for BYBIT:BCHUSDT loaded!
Indicator TIENADX for BYBIT:UMAUSDT loaded!
Indicator TIENADX for BYBIT:PEOPLEUSDT loaded!
Indicator TIENEMA for BYBIT:ICPUSDT loaded!
Indicator TIENEMA for BYBIT:DOTUSDT loaded!
Indicator TIENEMA for BYBIT:UMAUSDT loaded!
Indicator TIENEMA for BYBIT:THETAUSDT loaded!
Indicator TIENEMA for BYBIT:PEOPLEUSDT loaded!
Indicator TIENEMA for BYBIT:TRXUSDT loaded!
Indicator TIENEMA for BYBIT:ARBUSDT loaded!
Indicator TIENEMA for BYBIT:AVAXUSDT loaded!
Indicator TIENEMA for BYBIT:MOVRUSDT loaded!
[2024-05-26T19:50:50+07:00] Resume from BYBIT/1/NEARUSDT.txt done
[2024-05-26T19:50:50+07:00] Resume from BYBIT/1/AVAXUSDT.txt done
[2024-05-26T19:50:50+07:00] Resume from BYBIT/1/GRTUSDT.txt done
[2024-05-26T19:50:50+07:00] Resume from BYBIT/1/RNDRUSDT.txt done
[2024-05-26T19:50:50+07:00] Resume from BYBIT/1/AGIXUSDT.txt done
[2024-05-26T19:50:50+07:00] Resume from BYBIT/1/ARUSDT.txt done
[2024-05-26T19:50:50+07:00] Resume from BYBIT/1/BOMEUSDT.txt done
[2024-05-26T19:50:50+07:00] Resume from BYBIT/1/LINKUSDT.txt done
[2024-05-26T19:50:50+07:00] Resume from BYBIT/1/MATICUSDT.txt done
[2024-05-26T19:50:50+07:00] Resume from BYBIT/1/OMNIUSDT.txt done
[2024-05-26T19:50:50+07:00] Resume from BYBIT/1/OPUSDT.txt done
[2024-05-26T19:50:50+07:00] Resume from BYBIT/1/SSVUSDT.txt done
[2024-05-26T19:50:50+07:00] Resume from BYBIT/1/WLDUSDT.txt done
[2024-05-26T19:50:50+07:00] Resume from BYBIT/1/SOLUSDT.txt done
[2024-05-26T19:50:50+07:00] Resume from BYBIT/1/BTCUSDT.txt done
[2024-05-26T19:50:50+07:00] Resume from BYBIT/1/ETHUSDT.txt done
[2024-05-26T19:50:50+07:00] Resume from BYBIT/1/ETHFIUSDT.txt done
[2024-05-26T19:50:50+07:00] Resume from BYBIT/1/WIFUSDT.txt done
[2024-05-26T19:50:50+07:00] Resume from BYBIT/1/LTCUSDT.txt done
[2024-05-26T19:50:50+07:00] Resume from BYBIT/1/BCHUSDT.txt done
[2024-05-26T19:50:50+07:00] Resume from BYBIT/1/TRXUSDT.txt done
[2024-05-26T19:50:50+07:00] Resume from BYBIT/1/ADAUSDT.txt done
[2024-05-26T19:50:50+07:00] Resume from BYBIT/1/DOGEUSDT.txt done
[2024-05-26T19:50:50+07:00] Resume from BYBIT/1/PYTHUSDT.txt done
[2024-05-26T19:50:50+07:00] Resume from BYBIT/1/MEWUSDT.txt done
[2024-05-26T19:50:50+07:00] Resume from BYBIT/1/ARBUSDT.txt done
[2024-05-26T19:50:50+07:00] Resume from BYBIT/1/UNIUSDT.txt done
[2024-05-26T19:50:50+07:00] Resume from BYBIT/1/ICPUSDT.txt done
[2024-05-26T19:50:50+07:00] Resume from BYBIT/1/THETAUSDT.txt done
[2024-05-26T19:50:50+07:00] Resume from BYBIT/1/UMAUSDT.txt done
[2024-05-26T19:50:50+07:00] Resume from BYBIT/1/FRONTUSDT.txt done
[2024-05-26T19:50:50+07:00] Resume from BYBIT/1/PEOPLEUSDT.txt done
[2024-05-26T19:50:50+07:00] Resume from BYBIT/1/MOVRUSDT.txt done
[2024-05-26T19:50:50+07:00] Resume from BYBIT/1/XRPUSDT.txt done
[2024-05-26T19:50:50+07:00] Resume from BYBIT/1/DOTUSDT.txt done
[2024-05-26T19:50:50+07:00] BYBIT:MEWUSDT Time:1716727620 Open:0.003327 High:0.00333 Low:0.003323 Close:0.003323 Volume:2818900
[2024-05-26T19:50:50+07:00] BYBIT:UNIUSDT Time:1716727620 Open:11.525 High:11.539 Low:11.523 Close:11.526 Volume:1582.2
[2024-05-26T19:50:50+07:00] BYBIT:PYTHUSDT Time:1716727620 Open:0.4376 High:0.4377 Low:0.4373 Close:0.4373 Volume:3601
[2024-05-26T19:50:51+07:00] BYBIT:RNDRUSDT Time:1716727620 Open:10.0365 High:10.043 Low:10.033 Close:10.0331 Volume:3393
[2024-05-26T19:50:51+07:00] BYBIT:ETHFIUSDT Time:1716727620 Open:5.118 High:5.129 Low:5.117 Close:5.126 Volume:15195.6
[2024-05-26T19:50:51+07:00] BYBIT:BOMEUSDT Time:1716727620 Open:0.013092 High:0.013104 Low:0.013064 Close:0.013065 Volume:1903200
[2024-05-26T19:50:51+07:00] BYBIT:ARBUSDT Time:1716727620 Open:1.198 High:1.1983 Low:1.1955 Close:1.1955 Volume:150901.3
[2024-05-26T19:50:51+07:00] BYBIT:AGIXUSDT Time:1716727620 Open:0.9421 High:0.9422 Low:0.9417 Close:0.9418 Volume:615
[2024-05-26T19:50:51+07:00] BYBIT:GRTUSDT Time:1716727620 Open:0.31898 High:0.31898 Low:0.31888 Close:0.3189 Volume:912.4
[2024-05-26T19:50:51+07:00] BYBIT:WIFUSDT Time:1716727620 Open:3.0206 High:3.0225 Low:3.0175 Close:3.0207 Volume:62302
[2024-05-26T19:50:52+07:00] BYBIT:DOGEUSDT Time:1716727620 Open:0.16993 High:0.16993 Low:0.1697 Close:0.16975 Volume:258737
[2024-05-26T19:50:52+07:00] BYBIT:ADAUSDT Time:1716727620 Open:0.4606 High:0.4606 Low:0.4604 Close:0.4604 Volume:9306
[2024-05-26T19:50:52+07:00] BYBIT:AVAXUSDT Time:1716727620 Open:37.205 High:37.205 Low:37.18 Close:37.19 Volume:349.6
[2024-05-26T19:50:53+07:00] BYBIT:OPUSDT Time:1716727620 Open:2.5721 High:2.574 Low:2.568 Close:2.568 Volume:11760.1
[2024-05-26T19:50:53+07:00] BYBIT:PEOPLEUSDT Time:1716727620 Open:0.0789 High:0.07893 Low:0.07874 Close:0.07877 Volume:636655
[2024-05-26T19:50:53+07:00] BYBIT:BCHUSDT Time:1716727620 Open:485.15 High:485.15 Low:484.85 Close:484.85 Volume:42.74
[2024-05-26T19:50:54+07:00] BYBIT:SOLUSDT Time:1716727620 Open:163.64 High:163.69 Low:163.54 Close:163.56 Volume:2386
[2024-05-26T19:50:54+07:00] BYBIT:ETHUSDT Time:1716727620 Open:3809.09 High:3809.27 Low:3807.16 Close:3807.16 Volume:120.63
[2024-05-26T19:50:54+07:00] BYBIT:LINKUSDT Time:1716727620 Open:17.252 High:17.256 Low:17.234 Close:17.234 Volume:3879
[2024-05-26T19:50:55+07:00] BYBIT:BTCUSDT Time:1716727620 Open:69021.8 High:69021.9 Low:69021.5 Close:69021.5 Volume:10.35
[2024-05-26T19:50:55+07:00] BYBIT:WLDUSDT Time:1716727620 Open:4.612 High:4.613 Low:4.607 Close:4.607 Volume:5238.4
[2024-05-26T19:50:56+07:00] BYBIT:OMNIUSDT Time:1716727620 Open:17.79 High:17.792 Low:17.738 Close:17.77 Volume:665.94
[2024-05-26T19:50:56+07:00] BYBIT:SSVUSDT Time:1716727620 Open:49.285 High:49.32 Low:49.285 Close:49.3 Volume:21.33
[2024-05-26T19:50:57+07:00] BYBIT:ARUSDT Time:1716727620 Open:39.364 High:39.368 Low:39.332 Close:39.332 Volume:136.4
[2024-05-26T19:50:59+07:00] BYBIT:XRPUSDT Time:1716727620 Open:0.5356 High:0.5356 Low:0.5353 Close:0.5355 Volume:51524
[2024-05-26T19:51:00+07:00] BYBIT:ARUSDT Time:1716727800 Open:39.348 High:39.361 Low:39.317 Close:39.317 Volume:131.1
[2024-05-26T19:51:00+07:00] BYBIT:DOGEUSDT Time:1716727800 Open:0.16951 High:0.16965 Low:0.16946 Close:0.16946 Volume:384425
[2024-05-26T19:51:00+07:00] BYBIT:UNIUSDT Time:1716727800 Open:11.539 High:11.55 Low:11.527 Close:11.528 Volume:1646.3
[2024-05-26T19:51:00+07:00] BYBIT:AGIXUSDT Time:1716727800 Open:0.94195 High:0.94195 Low:0.9412 Close:0.9413 Volume:1204
[2024-05-26T19:51:00+07:00] BYBIT:ETHUSDT Time:1716727800 Open:3807.27 High:3808.71 Low:3807.26 Close:3807.6 Volume:59.18
[2024-05-26T19:51:00+07:00] BYBIT:ETHFIUSDT Time:1716727800 Open:5.107 High:5.112 Low:5.079 Close:5.083 Volume:19789.8
[2024-05-26T19:51:00+07:00] BYBIT:BTCUSDT Time:1716727800 Open:69003.9 High:69016 Low:69003.9 Close:69015.9 Volume:12.09
[2024-05-26T19:51:00+07:00] BYBIT:WIFUSDT Time:1716727800 Open:3.0243 High:3.0288 Low:3.0236 Close:3.0245 Volume:25380
[2024-05-26T19:51:01+07:00] BYBIT:NEARUSDT Time:1716727620 Open:8.031 High:8.033 Low:8.028 Close:8.029 Volume:3345.4
[2024-05-26T19:51:01+07:00] BYBIT:NEARUSDT Time:1716727620 Open:8.031 High:8.033 Low:8.028 Close:8.029 Volume:3345.4
[2024-05-26T19:51:01+07:00] BYBIT:ADAUSDT Time:1716727800 Open:0.4603 High:0.4604 Low:0.4602 Close:0.4603 Volume:21033
[2024-05-26T19:51:01+07:00] BYBIT:PEOPLEUSDT Time:1716727800 Open:0.07885 High:0.07885 Low:0.0784 Close:0.07847 Volume:1531217
[2024-05-26T19:51:01+07:00] BYBIT:LINKUSDT Time:1716727800 Open:17.244 High:17.254 Low:17.239 Close:17.248 Volume:2814
[2024-05-26T19:51:01+07:00] BYBIT:OPUSDT Time:1716727800 Open:2.5669 High:2.5691 Low:2.566 Close:2.5666 Volume:9421.4
[2024-05-26T19:51:01+07:00] BYBIT:MEWUSDT Time:1716727800 Open:0.003321 High:0.003328 Low:0.003321 Close:0.003328 Volume:698800
[2024-05-26T19:51:01+07:00] BYBIT:OMNIUSDT Time:1716727800 Open:17.799 High:17.805 Low:17.742 Close:17.754 Volume:555.51
[2024-05-26T19:51:02+07:00] BYBIT:BOMEUSDT Time:1716727800 Open:0.013064 High:0.013085 Low:0.013064 Close:0.013079 Volume:786300
[2024-05-26T19:51:02+07:00] BYBIT:SOLUSDT Time:1716727800 Open:163.6 High:163.71 Low:163.6 Close:163.62 Volume:2075.3
[2024-05-26T19:51:02+07:00] BYBIT:ARBUSDT Time:1716727800 Open:1.195 High:1.1959 Low:1.1945 Close:1.1952 Volume:25813.3
[2024-05-26T19:51:02+07:00] BYBIT:SSVUSDT Time:1716727800 Open:49.365 High:49.45 Low:49.34 Close:49.35 Volume:323.44
[2024-05-26T19:51:02+07:00] BYBIT:GRTUSDT Time:1716727800 Open:0.31889 High:0.31895 Low:0.31872 Close:0.31872 Volume:5832.4
[2024-05-26T19:51:02+07:00] BYBIT:RNDRUSDT Time:1716727800 Open:10.0434 High:10.0466 Low:10.0372 Close:10.0372 Volume:1067.9
[2024-05-26T19:51:02+07:00] BYBIT:UMAUSDT Time:1716727620 Open:3.467 High:3.467 Low:3.465 Close:3.465 Volume:55.2
[2024-05-26T19:51:02+07:00] BYBIT:UMAUSDT Time:1716727620 Open:3.467 High:3.467 Low:3.465 Close:3.465 Volume:55.2
[2024-05-26T19:51:02+07:00] BYBIT:WLDUSDT Time:1716727800 Open:4.61 High:4.612 Low:4.608 Close:4.608 Volume:1469.3
[2024-05-26T19:51:03+07:00] BYBIT:FRONTUSDT Time:1716727620 Open:1.2316 High:1.2317 Low:1.2315 Close:1.2315 Volume:370
[2024-05-26T19:51:03+07:00] BYBIT:FRONTUSDT Time:1716727620 Open:1.2316 High:1.2317 Low:1.2315 Close:1.2315 Volume:370
[2024-05-26T19:51:04+07:00] BYBIT:BCHUSDT Time:1716727800 Open:485.25 High:485.45 Low:485.05 Close:485.45 Volume:13.65
[2024-05-26T19:51:07+07:00] BYBIT:TRXUSDT Time:1716727620 Open:0.11401 High:0.11402 Low:0.11401 Close:0.11402 Volume:9121
[2024-05-26T19:51:07+07:00] BYBIT:TRXUSDT Time:1716727620 Open:0.11401 High:0.11402 Low:0.11401 Close:0.11402 Volume:9121
[2024-05-26T19:51:07+07:00] BYBIT:DOTUSDT Time:1716727620 Open:7.474 High:7.474 Low:7.465 Close:7.467 Volume:1412.3
[2024-05-26T19:51:07+07:00] BYBIT:DOTUSDT Time:1716727620 Open:7.474 High:7.474 Low:7.465 Close:7.467 Volume:1412.3
[2024-05-26T19:51:08+07:00] BYBIT:THETAUSDT Time:1716727620 Open:2.2978 High:2.2978 Low:2.2968 Close:2.2975 Volume:203.7
[2024-05-26T19:51:08+07:00] BYBIT:THETAUSDT Time:1716727620 Open:2.2978 High:2.2978 Low:2.2968 Close:2.2975 Volume:203.7
[2024-05-26T19:51:10+07:00] BYBIT:ICPUSDT Time:1716727620 Open:12.25 High:12.25 Low:12.241 Close:12.241 Volume:77.4
[2024-05-26T19:51:10+07:00] BYBIT:ICPUSDT Time:1716727620 Open:12.25 High:12.25 Low:12.241 Close:12.241 Volume:77.4
[2024-05-26T19:51:10+07:00] BYBIT:AVAXUSDT Time:1716727800 Open:37.195 High:37.205 Low:37.19 Close:37.195 Volume:150.9
[2024-05-26T19:51:10+07:00] BYBIT:LTCUSDT Time:1716727620 Open:84.79 High:84.79 Low:84.75 Close:84.75 Volume:102.8
[2024-05-26T19:51:10+07:00] BYBIT:LTCUSDT Time:1716727620 Open:84.79 High:84.79 Low:84.75 Close:84.75 Volume:102.8
[2024-05-26T19:51:10+07:00] BYBIT:MATICUSDT Time:1716727620 Open:0.721 High:0.721 Low:0.7207 Close:0.7207 Volume:6425
[2024-05-26T19:51:10+07:00] BYBIT:MATICUSDT Time:1716727620 Open:0.721 High:0.721 Low:0.7207 Close:0.7207 Volume:6425
[2024-05-26T19:51:12+07:00] BYBIT:PYTHUSDT Time:1716727800 Open:0.437 High:0.4371 Low:0.4366 Close:0.4368 Volume:19476
[2024-05-26T19:51:16+07:00] BYBIT:XRPUSDT Time:1716727800 Open:0.5352 High:0.5353 Low:0.5352 Close:0.5353 Volume:2084
[2024-05-26T19:51:46+07:00] BYBIT:MOVRUSDT Time:1716727620 Open:15.201 High:15.201 Low:15.168 Close:15.168 Volume:18.4
[2024-05-26T19:51:46+07:00] BYBIT:MOVRUSDT Time:1716727620 Open:15.201 High:15.201 Low:15.168 Close:15.168 Volume:18.4
[2024-05-26T19:52:00+07:00] BYBIT:PEOPLEUSDT Time:1716727860 Open:0.07847 High:0.07852 Low:0.0784 Close:0.07848 Volume:618459
[2024-05-26T19:52:00+07:00] BYBIT:ETHUSDT Time:1716727860 Open:3807.6 High:3808.89 Low:3807.41 Close:3807.41 Volume:48.48
[2024-05-26T19:52:01+07:00] BYBIT:UNIUSDT Time:1716727860 Open:11.528 High:11.535 Low:11.516 Close:11.517 Volume:1346.1
[2024-05-26T19:52:01+07:00] BYBIT:DOGEUSDT Time:1716727860 Open:0.16946 High:0.16956 Low:0.16926 Close:0.16927 Volume:905336
[2024-05-26T19:52:01+07:00] BYBIT:OPUSDT Time:1716727860 Open:2.5666 High:2.5679 Low:2.5665 Close:2.5668 Volume:9369.5
[2024-05-26T19:52:01+07:00] BYBIT:BCHUSDT Time:1716727860 Open:485.45 High:485.45 Low:485.35 Close:485.45 Volume:10.6
[2024-05-26T19:52:01+07:00] BYBIT:ARBUSDT Time:1716727860 Open:1.1952 High:1.196 Low:1.195 Close:1.1952 Volume:35174
[2024-05-26T19:52:01+07:00] BYBIT:BTCUSDT Time:1716727860 Open:69015.9 High:69022.3 Low:69015.9 Close:69022.2 Volume:6.85
[2024-05-26T19:52:02+07:00] BYBIT:NEARUSDT Time:1716727860 Open:8.031 High:8.036 Low:8.03 Close:8.033 Volume:5674
[2024-05-26T19:52:02+07:00] BYBIT:RNDRUSDT Time:1716727860 Open:10.0372 High:10.0406 Low:10.0308 Close:10.0308 Volume:993.1
[2024-05-26T19:52:02+07:00] BYBIT:WIFUSDT Time:1716727860 Open:3.0245 High:3.0281 Low:3.0237 Close:3.0264 Volume:36851
[2024-05-26T19:52:02+07:00] BYBIT:MEWUSDT Time:1716727860 Open:0.003328 High:0.003328 Low:0.003323 Close:0.003326 Volume:930800
[2024-05-26T19:52:02+07:00] BYBIT:ETHFIUSDT Time:1716727860 Open:5.083 High:5.09 Low:5.072 Close:5.077 Volume:8469.4
[2024-05-26T19:52:03+07:00] BYBIT:BOMEUSDT Time:1716727860 Open:0.013079 High:0.013086 Low:0.013059 Close:0.013059 Volume:440400
Indicator TIENEMA for BYBIT:GRTUSDT loading...
Indicator TIENEMA for BYBIT:NEARUSDT loading...
Indicator TIENEMA for BYBIT:AGIXUSDT loading...
Indicator TIENEMA for BYBIT:ETHUSDT loading...
Indicator TIENEMA for BYBIT:BOMEUSDT loading...
Indicator TIENEMA for BYBIT:RNDRUSDT loading...
Indicator TIENEMA for BYBIT:LINKUSDT loading...
Indicator TIENEMA for BYBIT:ARUSDT loading...
Indicator TIENEMA for BYBIT:MATICUSDT loading...
Indicator TIENEMA for BYBIT:OPUSDT loading...
Indicator TIENEMA for BYBIT:OMNIUSDT loading...
Indicator TIENEMA for BYBIT:SSVUSDT loading...
Indicator TIENEMA for BYBIT:UNIUSDT loading...
Indicator TIENADX for BYBIT:AVAXUSDT loading...
Indicator TIENADX for BYBIT:GRTUSDT loading...
Indicator TIENADX for BYBIT:NEARUSDT loading...
Indicator TIENEMA for BYBIT:BTCUSDT loading...
Indicator TIENEMA for BYBIT:THETAUSDT loading...
Indicator TIENADX for BYBIT:MATICUSDT loading...
Indicator TIENEMA for BYBIT:ETHFIUSDT loading...
Indicator TIENEMA for BYBIT:FRONTUSDT loading...
Indicator TIENADX for BYBIT:OMNIUSDT loading...
Indicator TIENADX for BYBIT:OPUSDT loading...
Indicator TIENADX for BYBIT:SSVUSDT loading...
Indicator TIENEMA for BYBIT:TRXUSDT loading...
Indicator TIENEMA for BYBIT:MOVRUSDT loading...
Indicator TIENEMA for BYBIT:LTCUSDT loading...
Indicator TIENEMA for BYBIT:PEOPLEUSDT loading...
Indicator TIENADX for BYBIT:SOLUSDT loading...
Indicator TIENEMA for BYBIT:ADAUSDT loading...
Indicator TIENADX for BYBIT:BTCUSDT loading...
Indicator TIENEMA for BYBIT:BCHUSDT loading...
Indicator TIENEMA for BYBIT:AVAXUSDT loading...
Indicator TIENADX for BYBIT:AGIXUSDT loading...
Indicator TIENEMA for BYBIT:MEWUSDT loading...
Indicator TIENADX for BYBIT:RNDRUSDT loading...
Indicator TIENADX for BYBIT:ETHUSDT loading...
Indicator TIENADX for BYBIT:BOMEUSDT loading...
Indicator TIENADX for BYBIT:WIFUSDT loading...
Indicator TIENADX for BYBIT:ARUSDT loading...
Indicator TIENADX for BYBIT:LINKUSDT loading...
Indicator TIENEMA for BYBIT:PYTHUSDT loading...
Indicator TIENADX for BYBIT:TRXUSDT loading...
Indicator TIENADX for BYBIT:BCHUSDT loading...
Indicator TIENEMA for BYBIT:NEARUSDT loaded!
Indicator TIENADX for BYBIT:AVAXUSDT loaded!
Indicator TIENADX for BYBIT:NEARUSDT loaded!
Indicator TIENADX for BYBIT:GRTUSDT loaded!
Indicator TIENEMA for BYBIT:UNIUSDT loaded!
Indicator TIENADX for BYBIT:MATICUSDT loaded!
Indicator TIENEMA for BYBIT:ETHUSDT loaded!
Indicator TIENADX for BYBIT:ADAUSDT loading...
Indicator TIENADX for BYBIT:DOGEUSDT loading...
Indicator TIENADX for BYBIT:WLDUSDT loading...
Indicator TIENADX for BYBIT:MEWUSDT loading...
Indicator TIENEMA for BYBIT:GRTUSDT loaded!
Indicator TIENEMA for BYBIT:SSVUSDT loaded!
Indicator TIENEMA for BYBIT:AGIXUSDT loaded!
Indicator TIENADX for BYBIT:SSVUSDT loaded!
Indicator TIENADX for BYBIT:AGIXUSDT loaded!
Indicator TIENADX for BYBIT:PYTHUSDT loading...
Indicator TIENADX for BYBIT:UNIUSDT loading...
Indicator TIENEMA for BYBIT:ARBUSDT loading...
Indicator TIENADX for BYBIT:DOTUSDT loading...
Indicator TIENEMA for BYBIT:WLDUSDT loading...
Indicator TIENADX for BYBIT:ARBUSDT loading...
Indicator TIENADX for BYBIT:XRPUSDT loading...
Indicator TIENEMA for BYBIT:SOLUSDT loading...
Indicator TIENEMA for BYBIT:RNDRUSDT loaded!
Indicator TIENEMA for BYBIT:BOMEUSDT loaded!
Indicator TIENADX for BYBIT:OPUSDT loaded!
Indicator TIENADX for BYBIT:WIFUSDT loaded!
Indicator TIENEMA for BYBIT:ADAUSDT loaded!
Indicator TIENEMA for BYBIT:PEOPLEUSDT loaded!
Indicator TIENADX for BYBIT:ETHUSDT loaded!
Indicator TIENADX for BYBIT:SOLUSDT loaded!
Indicator TIENADX for BYBIT:BOMEUSDT loaded!
Indicator TIENEMA for BYBIT:MEWUSDT loaded!
Indicator TIENADX for BYBIT:ICPUSDT loading...
Indicator TIENADX for BYBIT:ETHFIUSDT loading...
Indicator TIENADX for BYBIT:LTCUSDT loading...
Indicator TIENEMA for BYBIT:ICPUSDT loading...
Indicator TIENADX for BYBIT:THETAUSDT loading...
Indicator TIENADX for BYBIT:FRONTUSDT loading...
Indicator TIENEMA for BYBIT:WIFUSDT loading...
Indicator TIENEMA for BYBIT:UMAUSDT loading...
Indicator TIENADX for BYBIT:MOVRUSDT loading...
Indicator TIENADX for BYBIT:PEOPLEUSDT loading...
Indicator TIENADX for BYBIT:OMNIUSDT loaded!
Indicator TIENADX for BYBIT:RNDRUSDT loaded!
Indicator TIENEMA for BYBIT:LINKUSDT loaded!
Indicator TIENEMA for BYBIT:BTCUSDT loaded!
Indicator TIENADX for BYBIT:ADAUSDT loaded!
Indicator TIENADX for BYBIT:BTCUSDT loaded!
Indicator TIENEMA for BYBIT:ARUSDT loaded!
Indicator TIENEMA for BYBIT:OPUSDT loaded!
Indicator TIENEMA for BYBIT:PYTHUSDT loaded!
Indicator TIENEMA for BYBIT:DOGEUSDT loading...
Indicator TIENADX for BYBIT:DOGEUSDT loaded!
Indicator TIENADX for BYBIT:BCHUSDT loaded!
Indicator TIENEMA for BYBIT:AVAXUSDT loaded!
Indicator TIENEMA for BYBIT:BCHUSDT loaded!
Indicator TIENADX for BYBIT:ARUSDT loaded!
Indicator TIENEMA for BYBIT:MATICUSDT loaded!
Indicator TIENADX for BYBIT:LINKUSDT loaded!
Indicator TIENEMA for BYBIT:OMNIUSDT loaded!
Indicator TIENEMA for BYBIT:ETHFIUSDT loaded!
Indicator TIENADX for BYBIT:UNIUSDT loaded!
Indicator TIENADX for BYBIT:WLDUSDT loaded!
Indicator TIENADX for BYBIT:MEWUSDT loaded!
Indicator TIENADX for BYBIT:DOTUSDT loaded!
Indicator TIENADX for BYBIT:TRXUSDT loaded!
Indicator TIENADX for BYBIT:ETHFIUSDT loaded!
Indicator TIENEMA for BYBIT:MOVRUSDT loaded!
Indicator TIENADX for BYBIT:PYTHUSDT loaded!
Indicator TIENEMA for BYBIT:SOLUSDT loaded!
Indicator TIENEMA for BYBIT:WLDUSDT loaded!
Indicator TIENADX for BYBIT:LTCUSDT loaded!
Indicator TIENADX for BYBIT:MOVRUSDT loaded!
Indicator TIENADX for BYBIT:FRONTUSDT loaded!
Indicator TIENADX for BYBIT:UMAUSDT loading...
Indicator TIENEMA for BYBIT:DOTUSDT loading...
Indicator TIENEMA for BYBIT:XRPUSDT loading...
Indicator TIENADX for BYBIT:XRPUSDT loaded!
Indicator TIENEMA for BYBIT:ICPUSDT loaded!
Indicator TIENEMA for BYBIT:WIFUSDT loaded!
Indicator TIENADX for BYBIT:ARBUSDT loaded!
Indicator TIENEMA for BYBIT:TRXUSDT loaded!
Indicator TIENEMA for BYBIT:LTCUSDT loaded!
Indicator TIENEMA for BYBIT:ARBUSDT loaded!
Indicator TIENEMA for BYBIT:FRONTUSDT loaded!
Indicator TIENEMA for BYBIT:UMAUSDT loaded!
Indicator TIENEMA for BYBIT:THETAUSDT loaded!
Indicator TIENADX for BYBIT:THETAUSDT loaded!
Indicator TIENADX for BYBIT:ICPUSDT loaded!
Indicator TIENADX for BYBIT:PEOPLEUSDT loaded!
Indicator TIENEMA for BYBIT:DOGEUSDT loaded!
Indicator TIENADX for BYBIT:UMAUSDT loaded!
Indicator TIENEMA for BYBIT:DOTUSDT loaded!
Indicator TIENEMA for BYBIT:XRPUSDT loaded!
[2024-05-26T19:52:38+07:00] Resume from BYBIT/1/NEARUSDT.txt done
[2024-05-26T19:52:38+07:00] Resume from BYBIT/1/AVAXUSDT.txt done
[2024-05-26T19:52:38+07:00] Resume from BYBIT/1/GRTUSDT.txt done
[2024-05-26T19:52:38+07:00] Resume from BYBIT/1/RNDRUSDT.txt done
[2024-05-26T19:52:38+07:00] Resume from BYBIT/1/AGIXUSDT.txt done
[2024-05-26T19:52:38+07:00] Resume from BYBIT/1/ARUSDT.txt done
[2024-05-26T19:52:38+07:00] Resume from BYBIT/1/BOMEUSDT.txt done
[2024-05-26T19:52:38+07:00] Resume from BYBIT/1/LINKUSDT.txt done
[2024-05-26T19:52:38+07:00] Resume from BYBIT/1/MATICUSDT.txt done
[2024-05-26T19:52:38+07:00] Resume from BYBIT/1/OMNIUSDT.txt done
[2024-05-26T19:52:38+07:00] Resume from BYBIT/1/OPUSDT.txt done
[2024-05-26T19:52:38+07:00] Resume from BYBIT/1/SSVUSDT.txt done
[2024-05-26T19:52:38+07:00] Resume from BYBIT/1/WLDUSDT.txt done
[2024-05-26T19:52:38+07:00] Resume from BYBIT/1/SOLUSDT.txt done
[2024-05-26T19:52:38+07:00] Resume from BYBIT/1/BTCUSDT.txt done
[2024-05-26T19:52:38+07:00] Resume from BYBIT/1/ETHUSDT.txt done
[2024-05-26T19:52:38+07:00] Resume from BYBIT/1/ETHFIUSDT.txt done
[2024-05-26T19:52:38+07:00] Resume from BYBIT/1/WIFUSDT.txt done
[2024-05-26T19:52:38+07:00] Resume from BYBIT/1/LTCUSDT.txt done
[2024-05-26T19:52:38+07:00] Resume from BYBIT/1/BCHUSDT.txt done
[2024-05-26T19:52:38+07:00] Resume from BYBIT/1/TRXUSDT.txt done
[2024-05-26T19:52:38+07:00] Resume from BYBIT/1/ADAUSDT.txt done
[2024-05-26T19:52:38+07:00] Resume from BYBIT/1/DOGEUSDT.txt done
[2024-05-26T19:52:38+07:00] Resume from BYBIT/1/PYTHUSDT.txt done
[2024-05-26T19:52:38+07:00] Resume from BYBIT/1/MEWUSDT.txt done
[2024-05-26T19:52:38+07:00] Resume from BYBIT/1/ARBUSDT.txt done
[2024-05-26T19:52:38+07:00] Resume from BYBIT/1/UNIUSDT.txt done
[2024-05-26T19:52:38+07:00] Resume from BYBIT/1/ICPUSDT.txt done
[2024-05-26T19:52:38+07:00] Resume from BYBIT/1/THETAUSDT.txt done
[2024-05-26T19:52:38+07:00] Resume from BYBIT/1/UMAUSDT.txt done
[2024-05-26T19:52:38+07:00] Resume from BYBIT/1/FRONTUSDT.txt done
[2024-05-26T19:52:38+07:00] Resume from BYBIT/1/PEOPLEUSDT.txt done
[2024-05-26T19:52:38+07:00] Resume from BYBIT/1/MOVRUSDT.txt done
[2024-05-26T19:52:38+07:00] Resume from BYBIT/1/XRPUSDT.txt done
[2024-05-26T19:52:38+07:00] Resume from BYBIT/1/DOTUSDT.txt done
[2024-05-26T19:52:39+07:00] BYBIT:DOTUSDT Time:1716727620 Open:7.474 High:7.474 Low:7.465 Close:7.467 Volume:1412.3
[2024-05-26T19:52:39+07:00] BYBIT:MATICUSDT Time:1716727620 Open:0.721 High:0.721 Low:0.7207 Close:0.7207 Volume:6425
[2024-05-26T19:52:39+07:00] BYBIT:LINKUSDT Time:1716727800 Open:17.244 High:17.254 Low:17.239 Close:17.248 Volume:2814
[2024-05-26T19:52:39+07:00] BYBIT:GRTUSDT Time:1716727800 Open:0.31889 High:0.31895 Low:0.31872 Close:0.31872 Volume:5832.4
[2024-05-26T19:52:39+07:00] BYBIT:ARUSDT Time:1716727800 Open:39.348 High:39.361 Low:39.317 Close:39.317 Volume:131.1
[2024-05-26T19:52:39+07:00] BYBIT:PYTHUSDT Time:1716727800 Open:0.437 High:0.4371 Low:0.4366 Close:0.4368 Volume:19476
[2024-05-26T19:52:39+07:00] BYBIT:OMNIUSDT Time:1716727800 Open:17.799 High:17.805 Low:17.742 Close:17.754 Volume:555.51
[2024-05-26T19:52:40+07:00] BYBIT:FRONTUSDT Time:1716727860 Open:1.2313 High:1.2313 Low:1.2304 Close:1.2306 Volume:83
[2024-05-26T19:52:43+07:00] BYBIT:SSVUSDT Time:1716727800 Open:49.365 High:49.45 Low:49.34 Close:49.35 Volume:323.44
[2024-05-26T19:52:43+07:00] BYBIT:SOLUSDT Time:1716727800 Open:163.6 High:163.71 Low:163.6 Close:163.62 Volume:2075.3
[2024-05-26T19:52:43+07:00] BYBIT:THETAUSDT Time:1716727620 Open:2.2978 High:2.2978 Low:2.2968 Close:2.2975 Volume:203.7
[2024-05-26T19:52:44+07:00] BYBIT:ADAUSDT Time:1716727800 Open:0.4603 High:0.4604 Low:0.4602 Close:0.4603 Volume:21033
[2024-05-26T19:52:44+07:00] BYBIT:AVAXUSDT Time:1716727800 Open:37.195 High:37.205 Low:37.19 Close:37.195 Volume:150.9
[2024-05-26T19:52:44+07:00] BYBIT:XRPUSDT Time:1716727800 Open:0.5352 High:0.5353 Low:0.5352 Close:0.5353 Volume:2084
[2024-05-26T19:52:44+07:00] BYBIT:WLDUSDT Time:1716727800 Open:4.61 High:4.612 Low:4.608 Close:4.608 Volume:1469.3
[2024-05-26T19:52:45+07:00] BYBIT:TRXUSDT Time:1716727620 Open:0.11401 High:0.11402 Low:0.11401 Close:0.11402 Volume:9121
[2024-05-26T19:52:46+07:00] BYBIT:LTCUSDT Time:1716727620 Open:84.79 High:84.79 Low:84.75 Close:84.75 Volume:102.8
[2024-05-26T19:53:00+07:00] BYBIT:RNDRUSDT Time:1716727920 Open:10.0308 High:10.0359 Low:10.0282 Close:10.0359 Volume:461
[2024-05-26T19:53:00+07:00] BYBIT:PYTHUSDT Time:1716727920 Open:0.4367 High:0.437 Low:0.4367 Close:0.437 Volume:39039
[2024-05-26T19:53:00+07:00] BYBIT:ADAUSDT Time:1716727920 Open:0.4602 High:0.4602 Low:0.4599 Close:0.4601 Volume:19393
[2024-05-26T19:53:00+07:00] BYBIT:SSVUSDT Time:1716727920 Open:49.285 High:49.33 Low:49.285 Close:49.33 Volume:29.47
[2024-05-26T19:53:00+07:00] BYBIT:OPUSDT Time:1716727920 Open:2.5668 High:2.5681 Low:2.5662 Close:2.5675 Volume:6744.7
[2024-05-26T19:53:00+07:00] BYBIT:ARBUSDT Time:1716727920 Open:1.1952 High:1.1959 Low:1.1945 Close:1.1952 Volume:23772.8
[2024-05-26T19:53:01+07:00] BYBIT:DOGEUSDT Time:1716727920 Open:0.16927 High:0.16942 Low:0.16927 Close:0.16942 Volume:532971
[2024-05-26T19:53:01+07:00] BYBIT:DOTUSDT Time:1716727920 Open:7.473 High:7.474 Low:7.469 Close:7.469 Volume:1828.2
[2024-05-26T19:53:01+07:00] BYBIT:SOLUSDT Time:1716727920 Open:163.61 High:163.64 Low:163.54 Close:163.63 Volume:873
[2024-05-26T19:53:01+07:00] BYBIT:UNIUSDT Time:1716727920 Open:11.517 High:11.522 Low:11.508 Close:11.51 Volume:1231.4
[2024-05-26T19:53:01+07:00] BYBIT:BTCUSDT Time:1716727920 Open:69022.2 High:69030.7 Low:69022.2 Close:69030.6 Volume:7.77
[2024-05-26T19:53:01+07:00] BYBIT:ETHUSDT Time:1716727920 Open:3807.41 High:3807.67 Low:3807.01 Close:3807.16 Volume:84.74
[2024-05-26T19:53:02+07:00] BYBIT:BOMEUSDT Time:1716727920 Open:0.013059 High:0.013079 Low:0.013053 Close:0.013074 Volume:263300
[2024-05-26T19:53:02+07:00] BYBIT:XRPUSDT Time:1716727920 Open:0.5351 High:0.5352 Low:0.535 Close:0.5351 Volume:20316
[2024-05-26T19:53:02+07:00] BYBIT:PEOPLEUSDT Time:1716727920 Open:0.07848 High:0.07868 Low:0.07846 Close:0.07864 Volume:394381
[2024-05-26T19:53:02+07:00] BYBIT:NEARUSDT Time:1716727920 Open:8.033 High:8.039 Low:8.033 Close:8.037 Volume:6513.9
[2024-05-26T19:53:02+07:00] BYBIT:FRONTUSDT Time:1716727920 Open:1.2306 High:1.2306 Low:1.2303 Close:1.2303 Volume:419
[2024-05-26T19:53:03+07:00] BYBIT:AVAXUSDT Time:1716727920 Open:37.175 High:37.175 Low:37.16 Close:37.17 Volume:552
[2024-05-26T19:53:03+07:00] BYBIT:OMNIUSDT Time:1716727920 Open:17.759 High:17.76 Low:17.741 Close:17.76 Volume:252.67
[2024-05-26T19:53:04+07:00] BYBIT:ETHFIUSDT Time:1716727920 Open:5.077 High:5.115 Low:5.077 Close:5.102 Volume:17164.7
[2024-05-26T19:53:04+07:00] BYBIT:WLDUSDT Time:1716727920 Open:4.605 High:4.607 Low:4.605 Close:4.606 Volume:966.2
[2024-05-26T19:53:05+07:00] BYBIT:WIFUSDT Time:1716727920 Open:3.0264 High:3.0281 Low:3.0235 Close:3.0259 Volume:12010
[2024-05-26T19:53:06+07:00] BYBIT:LINKUSDT Time:1716727920 Open:17.242 High:17.245 Low:17.231 Close:17.239 Volume:2696.6
[2024-05-26T19:53:06+07:00] BYBIT:GRTUSDT Time:1716727920 Open:0.31875 High:0.31896 Low:0.31863 Close:0.31896 Volume:1339.3
[2024-05-26T19:53:06+07:00] BYBIT:ARUSDT Time:1716727920 Open:39.299 High:39.328 Low:39.299 Close:39.32 Volume:25.3
[2024-05-26T19:53:06+07:00] BYBIT:MATICUSDT Time:1716727920 Open:0.7203 High:0.7205 Low:0.7202 Close:0.7203 Volume:15799
[2024-05-26T19:53:06+07:00] BYBIT:THETAUSDT Time:1716727920 Open:2.2938 High:2.2945 Low:2.2937 Close:2.2937 Volume:560.6
[2024-05-26T19:53:06+07:00] BYBIT:AGIXUSDT Time:1716727800 Open:0.94195 High:0.94195 Low:0.9412 Close:0.9413 Volume:1204
[2024-05-26T19:53:06+07:00] BYBIT:AGIXUSDT Time:1716727800 Open:0.94195 High:0.94195 Low:0.9412 Close:0.9413 Volume:1204
[2024-05-26T19:53:06+07:00] BYBIT:LTCUSDT Time:1716727920 Open:84.79 High:84.79 Low:84.77 Close:84.77 Volume:9.3
[2024-05-26T19:53:07+07:00] BYBIT:UMAUSDT Time:1716727620 Open:3.467 High:3.467 Low:3.465 Close:3.465 Volume:55.2
[2024-05-26T19:53:07+07:00] BYBIT:UMAUSDT Time:1716727620 Open:3.467 High:3.467 Low:3.465 Close:3.465 Volume:55.2
[2024-05-26T19:53:09+07:00] BYBIT:BCHUSDT Time:1716727920 Open:485.45 High:485.45 Low:485.4 Close:485.4 Volume:4.57
[2024-05-26T19:53:13+07:00] BYBIT:MEWUSDT Time:1716727920 Open:0.003326 High:0.003326 Low:0.003325 Close:0.003325 Volume:256200
[2024-05-26T19:53:33+07:00] BYBIT:ICPUSDT Time:1716727620 Open:12.25 High:12.25 Low:12.241 Close:12.241 Volume:77.4
[2024-05-26T19:53:33+07:00] BYBIT:ICPUSDT Time:1716727620 Open:12.25 High:12.25 Low:12.241 Close:12.241 Volume:77.4
[2024-05-26T19:54:00+07:00] BYBIT:MOVRUSDT Time:1716727620 Open:15.201 High:15.201 Low:15.168 Close:15.168 Volume:18.4
[2024-05-26T19:54:00+07:00] BYBIT:WIFUSDT Time:1716727980 Open:3.0259 High:3.0273 Low:3.0196 Close:3.0212 Volume:11344
[2024-05-26T19:54:00+07:00] BYBIT:XRPUSDT Time:1716727980 Open:0.5351 High:0.5351 Low:0.5347 Close:0.5347 Volume:42956
[2024-05-26T19:54:00+07:00] BYBIT:SOLUSDT Time:1716727980 Open:163.63 High:163.65 Low:163.43 Close:163.48 Volume:2478.5
[2024-05-26T19:54:00+07:00] BYBIT:DOGEUSDT Time:1716727980 Open:0.16942 High:0.16955 Low:0.16938 Close:0.16943 Volume:331032
[2024-05-26T19:54:00+07:00] BYBIT:ARUSDT Time:1716727980 Open:39.32 High:39.346 Low:39.32 Close:39.329 Volume:21.1
[2024-05-26T19:54:00+07:00] BYBIT:NEARUSDT Time:1716727980 Open:8.037 High:8.039 Low:8.034 Close:8.035 Volume:10307
[2024-05-26T19:54:00+07:00] BYBIT:ADAUSDT Time:1716727980 Open:0.4601 High:0.4601 Low:0.4597 Close:0.4598 Volume:74370
[2024-05-26T19:54:00+07:00] BYBIT:ARBUSDT Time:1716727980 Open:1.1952 High:1.1956 Low:1.1937 Close:1.1941 Volume:38919.5
[2024-05-26T19:54:01+07:00] BYBIT:PEOPLEUSDT Time:1716727980 Open:0.07864 High:0.07877 Low:0.07859 Close:0.07868 Volume:465916
[2024-05-26T19:54:01+07:00] BYBIT:ETHFIUSDT Time:1716727980 Open:5.102 High:5.103 Low:5.088 Close:5.088 Volume:4822.7
[2024-05-26T19:54:01+07:00] BYBIT:AVAXUSDT Time:1716727980 Open:37.17 High:37.185 Low:37.15 Close:37.15 Volume:825.5
[2024-05-26T19:54:01+07:00] BYBIT:BTCUSDT Time:1716727980 Open:69030.6 High:69036.7 Low:68996 Close:68997.8 Volume:21.03
[2024-05-26T19:54:01+07:00] BYBIT:PYTHUSDT Time:1716727980 Open:0.437 High:0.4379 Low:0.437 Close:0.4377 Volume:110180
[2024-05-26T19:54:01+07:00] BYBIT:SSVUSDT Time:1716727980 Open:49.33 High:49.33 Low:49.315 Close:49.315 Volume:5.31
[2024-05-26T19:54:01+07:00] BYBIT:MEWUSDT Time:1716727980 Open:0.003325 High:0.003333 Low:0.003325 Close:0.003328 Volume:1536600
[2024-05-26T19:54:01+07:00] BYBIT:OMNIUSDT Time:1716727980 Open:17.76 High:17.799 Low:17.698 Close:17.755 Volume:3097.68
[2024-05-26T19:54:02+07:00] BYBIT:RNDRUSDT Time:1716727980 Open:10.0359 High:10.0408 Low:10.0268 Close:10.0268 Volume:1821.5
[2024-05-26T19:54:02+07:00] BYBIT:ETHUSDT Time:1716727980 Open:3807.16 High:3807.27 Low:3804.34 Close:3804.67 Volume:205.09
[2024-05-26T19:54:03+07:00] BYBIT:BOMEUSDT Time:1716727980 Open:0.013074 High:0.013079 Low:0.013049 Close:0.013055 Volume:497800
[2024-05-26T19:54:03+07:00] BYBIT:LTCUSDT Time:1716727980 Open:84.77 High:84.78 Low:84.72 Close:84.72 Volume:278.3
[2024-05-26T19:54:04+07:00] BYBIT:LINKUSDT Time:1716727980 Open:17.239 High:17.242 Low:17.226 Close:17.229 Volume:2880.3
[2024-05-26T19:54:04+07:00] BYBIT:OPUSDT Time:1716727980 Open:2.5675 High:2.5679 Low:2.5647 Close:2.5649 Volume:30664.4
[2024-05-26T19:54:04+07:00] BYBIT:ICPUSDT Time:1716727980 Open:12.229 High:12.233 Low:12.219 Close:12.219 Volume:332.1
[2024-05-26T19:54:04+07:00] BYBIT:UMAUSDT Time:1716727980 Open:3.466 High:3.472 Low:3.466 Close:3.468 Volume:7810.5
[2024-05-26T19:54:05+07:00] BYBIT:AGIXUSDT Time:1716727980 Open:0.94145 High:0.942 Low:0.94115 Close:0.94115 Volume:2487
[2024-05-26T19:54:05+07:00] BYBIT:DOTUSDT Time:1716727980 Open:7.469 High:7.469 Low:7.463 Close:7.463 Volume:2771.9
[2024-05-26T19:54:05+07:00] BYBIT:BCHUSDT Time:1716727980 Open:485.4 High:485.45 Low:485.1 Close:485.1 Volume:10.4
[2024-05-26T19:54:06+07:00] BYBIT:THETAUSDT Time:1716727980 Open:2.2937 High:2.294 Low:2.2921 Close:2.2921 Volume:234.4
[2024-05-26T19:54:06+07:00] BYBIT:UNIUSDT Time:1716727980 Open:11.51 High:11.526 Low:11.51 Close:11.514 Volume:666.7
[2024-05-26T19:54:06+07:00] BYBIT:WLDUSDT Time:1716727980 Open:4.606 High:4.607 Low:4.605 Close:4.605 Volume:5700.9
[2024-05-26T19:54:06+07:00] BYBIT:GRTUSDT Time:1716727980 Open:0.31896 High:0.31897 Low:0.31872 Close:0.31872 Volume:4020
[2024-05-26T19:54:10+07:00] BYBIT:MATICUSDT Time:1716727980 Open:0.7203 High:0.7203 Low:0.7199 Close:0.7199 Volume:4302
[2024-05-26T19:54:22+07:00] BYBIT:FRONTUSDT Time:1716727980 Open:1.2303 High:1.2309 Low:1.2303 Close:1.2306 Volume:611
Indicator TIENEMA for BYBIT:NEARUSDT loading...
Indicator TIENADX for BYBIT:NEARUSDT loading...
Indicator TIENADX for BYBIT:RNDRUSDT loading...
Indicator TIENEMA for BYBIT:RNDRUSDT loading...
Indicator TIENADX for BYBIT:GRTUSDT loading...
Indicator TIENADX for BYBIT:LINKUSDT loading...
Indicator TIENADX for BYBIT:BOMEUSDT loading...
Indicator TIENEMA for BYBIT:NEARUSDT loaded!
Indicator TIENADX for BYBIT:NEARUSDT loaded!
Indicator TIENADX for BYBIT:RNDRUSDT loaded!
Indicator TIENEMA for BYBIT:WLDUSDT loading...
Indicator TIENEMA for BYBIT:AGIXUSDT loading...
Indicator TIENADX for BYBIT:GRTUSDT loaded!
Indicator TIENADX for BYBIT:LINKUSDT loaded!
Indicator TIENADX for BYBIT:BOMEUSDT loaded!
Indicator TIENEMA for BYBIT:XRPUSDT loading...
Indicator TIENEMA for BYBIT:SSVUSDT loading...
Indicator TIENADX for BYBIT:AGIXUSDT loading...
Indicator TIENADX for BYBIT:ARUSDT loading...
Indicator TIENEMA for BYBIT:AVAXUSDT loading...
Indicator TIENADX for BYBIT:OMNIUSDT loading...
Indicator TIENADX for BYBIT:AVAXUSDT loading...
Indicator TIENADX for BYBIT:XRPUSDT loading...
Indicator TIENEMA for BYBIT:PEOPLEUSDT loading...
Indicator TIENEMA for BYBIT:RNDRUSDT loaded!
Indicator TIENEMA for BYBIT:GRTUSDT loading...
Indicator TIENADX for BYBIT:BTCUSDT loading...
Indicator TIENADX for BYBIT:ETHUSDT loading...
Indicator TIENEMA for BYBIT:BTCUSDT loading...
Indicator TIENEMA for BYBIT:ETHUSDT loading...
Indicator TIENEMA for BYBIT:LINKUSDT loading...
Indicator TIENEMA for BYBIT:WIFUSDT loading...
Indicator TIENADX for BYBIT:AGIXUSDT loaded!
Indicator TIENADX for BYBIT:ARUSDT loaded!
Indicator TIENEMA for BYBIT:WLDUSDT loaded!
Indicator TIENADX for BYBIT:ETHFIUSDT loading...
Indicator TIENADX for BYBIT:MATICUSDT loading...
Indicator TIENEMA for BYBIT:OMNIUSDT loading...
Indicator TIENEMA for BYBIT:AGIXUSDT loaded!
Indicator TIENADX for BYBIT:AVAXUSDT loaded!
Indicator TIENADX for BYBIT:DOGEUSDT loading...
Indicator TIENADX for BYBIT:OPUSDT loading...
Indicator TIENADX for BYBIT:SSVUSDT loading...
Indicator TIENEMA for BYBIT:XRPUSDT loaded!
Indicator TIENADX for BYBIT:BTCUSDT loaded!
Indicator TIENADX for BYBIT:ETHUSDT loaded!
Indicator TIENEMA for BYBIT:AVAXUSDT loaded!
Indicator TIENADX for BYBIT:WLDUSDT loading...
Indicator TIENADX for BYBIT:SOLUSDT loading...
Indicator TIENEMA for BYBIT:ARUSDT loading...
Indicator TIENEMA for BYBIT:BTCUSDT loaded!
Indicator TIENADX for BYBIT:ETHFIUSDT loaded!
Indicator TIENADX for BYBIT:OMNIUSDT loaded!
Indicator TIENADX for BYBIT:XRPUSDT loaded!
Indicator TIENADX for BYBIT:MATICUSDT loaded!
Indicator TIENADX for BYBIT:WIFUSDT loading...
Indicator TIENEMA for BYBIT:MATICUSDT loading...
Indicator TIENADX for BYBIT:LTCUSDT loading...
Indicator TIENEMA for BYBIT:BOMEUSDT loading...
Indicator TIENADX for BYBIT:BCHUSDT loading...
Indicator TIENADX for BYBIT:DOGEUSDT loaded!
Indicator TIENEMA for BYBIT:OMNIUSDT loaded!
Indicator TIENEMA for BYBIT:SSVUSDT loaded!
Indicator TIENADX for BYBIT:OPUSDT loaded!
Indicator TIENADX for BYBIT:SSVUSDT loaded!
Indicator TIENADX for BYBIT:FRONTUSDT loading...
Indicator TIENEMA for BYBIT:TRXUSDT loading...
Indicator TIENADX for BYBIT:MOVRUSDT loading...
Indicator TIENADX for BYBIT:TRXUSDT loading...
Indicator TIENEMA for BYBIT:ADAUSDT loading...
Indicator TIENADX for BYBIT:ADAUSDT loading...
Indicator TIENADX for BYBIT:PYTHUSDT loading...
Indicator TIENADX for BYBIT:WLDUSDT loaded!
Indicator TIENADX for BYBIT:SOLUSDT loaded!
Indicator TIENEMA for BYBIT:OPUSDT loading...
Indicator TIENEMA for BYBIT:ETHFIUSDT loading...
Indicator TIENADX for BYBIT:MEWUSDT loading...
Indicator TIENADX for BYBIT:ARBUSDT loading...
Indicator TIENEMA for BYBIT:SOLUSDT loading...
Indicator TIENADX for BYBIT:BCHUSDT loaded!
Indicator TIENEMA for BYBIT:LTCUSDT loading...
Indicator TIENEMA for BYBIT:BCHUSDT loading...
Indicator TIENADX for BYBIT:ICPUSDT loading...
Indicator TIENEMA for BYBIT:ICPUSDT loading...
Indicator TIENEMA for BYBIT:UNIUSDT loading...
Indicator TIENADX for BYBIT:UNIUSDT loading...
Indicator TIENEMA for BYBIT:PYTHUSDT loading...
Indicator TIENADX for BYBIT:WIFUSDT loaded!
Indicator TIENADX for BYBIT:PYTHUSDT loaded!
Indicator TIENADX for BYBIT:THETAUSDT loading...
Indicator TIENADX for BYBIT:UMAUSDT loading...
Indicator TIENEMA for BYBIT:DOGEUSDT loading...
Indicator TIENEMA for BYBIT:MEWUSDT loading...
Indicator TIENEMA for BYBIT:ARBUSDT loading...
Indicator TIENADX for BYBIT:PEOPLEUSDT loading...
Indicator TIENADX for BYBIT:ADAUSDT loaded!
Indicator TIENADX for BYBIT:FRONTUSDT loaded!
Indicator TIENADX for BYBIT:LTCUSDT loaded!
Indicator TIENADX for BYBIT:TRXUSDT loaded!
Indicator TIENEMA for BYBIT:PEOPLEUSDT loaded!
Indicator TIENEMA for BYBIT:OPUSDT loaded!
Indicator TIENADX for BYBIT:MEWUSDT loaded!
Indicator TIENEMA for BYBIT:MATICUSDT loaded!
Indicator TIENEMA for BYBIT:WIFUSDT loaded!
Indicator TIENEMA for BYBIT:UMAUSDT loading...
Indicator TIENEMA for BYBIT:THETAUSDT loading...
Indicator TIENADX for BYBIT:DOTUSDT loading...
Indicator TIENEMA for BYBIT:MOVRUSDT loading...
Indicator TIENEMA for BYBIT:FRONTUSDT loading...
Indicator TIENEMA for BYBIT:DOTUSDT loading...
Indicator TIENEMA for BYBIT:ETHFIUSDT loaded!
Indicator TIENADX for BYBIT:ARBUSDT loaded!
Indicator TIENEMA for BYBIT:SOLUSDT loaded!
Indicator TIENADX for BYBIT:ICPUSDT loaded!
Indicator TIENEMA for BYBIT:GRTUSDT loaded!
Indicator TIENEMA for BYBIT:BOMEUSDT loaded!
Indicator TIENEMA for BYBIT:TRXUSDT loaded!
Indicator TIENEMA for BYBIT:LINKUSDT loaded!
Indicator TIENEMA for BYBIT:ETHUSDT loaded!
Indicator TIENEMA for BYBIT:LTCUSDT loaded!
Indicator TIENEMA for BYBIT:BCHUSDT loaded!
Indicator TIENADX for BYBIT:MOVRUSDT loaded!
Indicator TIENADX for BYBIT:THETAUSDT loaded!
Indicator TIENEMA for BYBIT:ARUSDT loaded!
Indicator TIENEMA for BYBIT:ADAUSDT loaded!
Indicator TIENEMA for BYBIT:ICPUSDT loaded!
Indicator TIENEMA for BYBIT:DOGEUSDT loaded!
Indicator TIENEMA for BYBIT:UNIUSDT loaded!
Indicator TIENEMA for BYBIT:PYTHUSDT loaded!
Indicator TIENADX for BYBIT:PEOPLEUSDT loaded!
Indicator TIENEMA for BYBIT:MEWUSDT loaded!
Indicator TIENADX for BYBIT:UNIUSDT loaded!
Indicator TIENADX for BYBIT:UMAUSDT loaded!
Indicator TIENEMA for BYBIT:ARBUSDT loaded!
Indicator TIENEMA for BYBIT:UMAUSDT loaded!
Indicator TIENEMA for BYBIT:FRONTUSDT loaded!
Indicator TIENEMA for BYBIT:THETAUSDT loaded!
Indicator TIENEMA for BYBIT:MOVRUSDT loaded!
Indicator TIENADX for BYBIT:DOTUSDT loaded!
Indicator TIENEMA for BYBIT:DOTUSDT loaded!
